<?xml version="1.0" encoding="UTF-8"?>
<testsuite name="CodeSharingPlatformTest" tests="1" skipped="0" failures="0" errors="0" timestamp="2022-05-15T02:29:29" hostname="toronto" time="2.635">
  <properties/>
  <testcase name="start" classname="CodeSharingPlatformTest" time="2.635"/>
  <system-out><![CDATA[?[1;31m
Start test 1?[0m

  .   ____          _            __ _ _
 /\\ / ___'_ __ _ _(_)_ __  __ _ \ \ \ \
( ( )\___ | '_ | '_| | '_ \/ _` | \ \ \ \
 \\/  ___)| |_)| | | | | || (_| |  ) ) ) )
  '  |____| .__|_| |_|_| |_\__, | / / / /
 =========|_|==============|___/=/_/_/_/
 :: Spring Boot ::                (v2.5.6)

2022-05-15 04:29:29.907  INFO 474149 --- [    Test worker] platform.CodeSharingPlatform             : Starting CodeSharingPlatform using Java 17.0.2 on toronto with PID 474149 (started by omar in /home/omar/IdeaProjects/Code Sharing Platform/Code Sharing Platform/task)
2022-05-15 04:29:29.910  INFO 474149 --- [    Test worker] platform.CodeSharingPlatform             : No active profile set, falling back to default profiles: default
2022-05-15 04:29:30.862  INFO 474149 --- [    Test worker] o.s.b.w.embedded.tomcat.TomcatWebServer  : Tomcat initialized with port(s): 8889 (http)
2022-05-15 04:29:30.871  INFO 474149 --- [    Test worker] o.apache.catalina.core.StandardService   : Starting service [Tomcat]
2022-05-15 04:29:30.871  INFO 474149 --- [    Test worker] org.apache.catalina.core.StandardEngine  : Starting Servlet engine: [Apache Tomcat/9.0.54]
2022-05-15 04:29:30.928  INFO 474149 --- [    Test worker] o.a.c.c.C.[Tomcat].[localhost].[/]       : Initializing Spring embedded WebApplicationContext
2022-05-15 04:29:30.928  INFO 474149 --- [    Test worker] w.s.c.ServletWebServerApplicationContext : Root WebApplicationContext: initialization completed in 965 ms
2022-05-15 04:29:31.447  INFO 474149 --- [    Test worker] o.s.b.a.e.web.EndpointLinksResolver      : Exposing 14 endpoint(s) beneath base path '/actuator'
2022-05-15 04:29:31.478  INFO 474149 --- [    Test worker] o.s.b.w.embedded.tomcat.TomcatWebServer  : Tomcat started on port(s): 8889 (http) with context path ''
2022-05-15 04:29:31.490  INFO 474149 --- [    Test worker] platform.CodeSharingPlatform             : Started CodeSharingPlatform in 1.853 seconds (JVM running for 2.438)
2022-05-15 04:29:31.769  INFO 474149 --- [nio-8889-exec-1] o.a.c.c.C.[Tomcat].[localhost].[/]       : Initializing Spring DispatcherServlet 'dispatcherServlet'
2022-05-15 04:29:31.769  INFO 474149 --- [nio-8889-exec-1] o.s.web.servlet.DispatcherServlet        : Initializing Servlet 'dispatcherServlet'
2022-05-15 04:29:31.771  INFO 474149 --- [nio-8889-exec-1] o.s.web.servlet.DispatcherServlet        : Completed initialization in 2 ms
?[1;31m
Start test 2?[0m
?[1;31m
Start test 3?[0m
]]></system-out>
  <system-err><![CDATA[]]></system-err>
</testsuite>
